[2026-01-09T09:29:00.423Z] [stdout] Logged in as bot1457816589314297996#0406!
Bot is ready to receive commands.
[2026-01-09T09:29:00.424Z] [stderr] (node:64484) DeprecationWarning: The ready event has been renamed to clientReady to distinguish it from the gateway READY event and will only emit under that name in v15. Please use clientReady instead.
(Use `node --trace-deprecation ...` to show where the warning was created)
[2026-01-09T09:29:04.316Z] [stdout] [Heartbeat] Memory usage: 23.83 MB
[2026-01-09T09:29:09.316Z] [stdout] [Heartbeat] Memory usage: 18.04 MB
[2026-01-09T09:29:14.318Z] [stdout] [Heartbeat] Memory usage: 18.07 MB
[2026-01-09T09:29:19.320Z] [stdout] [Heartbeat] Memory usage: 18.11 MB
[2026-01-09T09:29:24.319Z] [stdout] [Heartbeat] Memory usage: 18.11 MB
[2026-01-09T09:29:29.321Z] [stdout] [Heartbeat] Memory usage: 18.11 MB
[2026-01-09T09:29:34.323Z] [stdout] [Heartbeat] Memory usage: 18.12 MB
[2026-01-09T09:29:39.322Z] [stdout] [Heartbeat] Memory usage: 18.13 MB
[2026-01-09T09:29:44.326Z] [stdout] [Heartbeat] Memory usage: 18.13 MB
[2026-01-09T09:29:49.325Z] [stdout] [Heartbeat] Memory usage: 18.14 MB
[2026-01-09T09:29:54.328Z] [stdout] [Heartbeat] Memory usage: 18.14 MB
[2026-01-09T09:29:59.328Z] [stdout] [Heartbeat] Memory usage: 18.15 MB
[2026-01-09T09:30:04.328Z] [stdout] [Heartbeat] Memory usage: 18.16 MB
[2026-01-09T09:30:09.331Z] [stdout] [Heartbeat] Memory usage: 18.16 MB
[2026-01-09T09:30:14.332Z] [stdout] [Heartbeat] Memory usage: 18.16 MB
[2026-01-09T09:30:19.333Z] [stdout] [Heartbeat] Memory usage: 18.16 MB
[2026-01-09T09:30:24.333Z] [stdout] [Heartbeat] Memory usage: 18.17 MB
[2026-01-09T09:30:29.334Z] [stdout] [Heartbeat] Memory usage: 18.17 MB
[2026-01-09T09:30:34.334Z] [stdout] [Heartbeat] Memory usage: 18.17 MB
[2026-01-09T09:30:39.335Z] [stdout] [Heartbeat] Memory usage: 18.18 MB
[2026-01-09T09:30:44.337Z] [stdout] [Heartbeat] Memory usage: 18.18 MB
[2026-01-09T09:30:49.337Z] [stdout] [Heartbeat] Memory usage: 18.19 MB
[2026-01-09T09:30:54.341Z] [stdout] [Heartbeat] Memory usage: 18.19 MB
[2026-01-09T09:30:59.341Z] [stdout] [Heartbeat] Memory usage: 18.19 MB
[2026-01-09T09:31:04.341Z] [stdout] [Heartbeat] Memory usage: 18.20 MB
[2026-01-09T09:31:09.343Z] [stdout] [Heartbeat] Memory usage: 18.20 MB
[2026-01-09T09:31:14.345Z] [stdout] [Heartbeat] Memory usage: 18.20 MB
[2026-01-09T09:31:19.346Z] [stdout] [Heartbeat] Memory usage: 18.21 MB
[2026-01-09T09:31:24.347Z] [stdout] [Heartbeat] Memory usage: 18.21 MB
[2026-01-09T09:31:29.347Z] [stdout] [Heartbeat] Memory usage: 18.22 MB
[2026-01-09T09:31:34.348Z] [stdout] [Heartbeat] Memory usage: 18.22 MB
[2026-01-09T09:31:39.350Z] [stdout] [Heartbeat] Memory usage: 18.22 MB
[2026-01-09T09:31:44.358Z] [stdout] [Heartbeat] Memory usage: 18.22 MB
[2026-01-09T09:31:49.353Z] [stdout] [Heartbeat] Memory usage: 18.23 MB
[2026-01-09T09:31:54.356Z] [stdout] [Heartbeat] Memory usage: 18.23 MB
[2026-01-09T09:31:59.357Z] [stdout] [Heartbeat] Memory usage: 18.23 MB
[2026-01-09T09:32:04.359Z] [stdout] [Heartbeat] Memory usage: 18.26 MB
[2026-01-09T09:32:09.359Z] [stdout] [Heartbeat] Memory usage: 18.26 MB
[2026-01-09T09:32:14.360Z] [stdout] [Heartbeat] Memory usage: 18.26 MB
[2026-01-09T09:32:19.365Z] [stdout] [Heartbeat] Memory usage: 18.26 MB
[2026-01-09T09:32:24.364Z] [stdout] [Heartbeat] Memory usage: 18.27 MB
[2026-01-09T09:32:29.366Z] [stdout] [Heartbeat] Memory usage: 18.27 MB
[2026-01-09T09:32:34.374Z] [stdout] [Heartbeat] Memory usage: 18.27 MB
[2026-01-09T09:32:39.373Z] [stdout] [Heartbeat] Memory usage: 18.28 MB
[2026-01-09T09:32:44.373Z] [stdout] [Heartbeat] Memory usage: 18.32 MB
[2026-01-09T09:32:49.374Z] [stdout] [Heartbeat] Memory usage: 18.32 MB
[2026-01-09T09:32:54.376Z] [stdout] [Heartbeat] Memory usage: 18.32 MB
[2026-01-09T09:32:59.376Z] [stdout] [Heartbeat] Memory usage: 18.32 MB
[2026-01-09T09:33:04.378Z] [stdout] [Heartbeat] Memory usage: 18.33 MB
[2026-01-09T09:33:09.380Z] [stdout] [Heartbeat] Memory usage: 18.33 MB
[2026-01-09T09:33:14.381Z] [stdout] [Heartbeat] Memory usage: 18.33 MB
[2026-01-09T09:33:19.387Z] [stdout] [Heartbeat] Memory usage: 18.33 MB
[2026-01-09T09:33:24.383Z] [stdout] [Heartbeat] Memory usage: 18.35 MB
[2026-01-09T09:33:29.392Z] [stdout] [Heartbeat] Memory usage: 18.36 MB
[2026-01-09T09:33:34.384Z] [stdout] [Heartbeat] Memory usage: 18.36 MB
[2026-01-09T09:33:39.385Z] [stdout] [Heartbeat] Memory usage: 18.36 MB
[2026-01-09T09:33:44.386Z] [stdout] [Heartbeat] Memory usage: 18.36 MB
[2026-01-09T09:33:49.389Z] [stdout] [Heartbeat] Memory usage: 18.37 MB
[2026-01-09T09:33:54.390Z] [stdout] [Heartbeat] Memory usage: 18.37 MB
[2026-01-09T09:33:59.390Z] [stdout] [Heartbeat] Memory usage: 18.37 MB
[2026-01-09T09:34:04.391Z] [stdout] [Heartbeat] Memory usage: 18.40 MB
[2026-01-09T09:34:09.393Z] [stdout] [Heartbeat] Memory usage: 18.40 MB
[2026-01-09T09:34:14.396Z] [stdout] [Heartbeat] Memory usage: 18.40 MB
[2026-01-09T09:34:19.397Z] [stdout] [Heartbeat] Memory usage: 18.41 MB
[2026-01-09T09:34:24.397Z] [stdout] [Heartbeat] Memory usage: 18.41 MB
[2026-01-09T09:34:29.398Z] [stdout] [Heartbeat] Memory usage: 18.41 MB
[2026-01-09T09:34:34.400Z] [stdout] [Heartbeat] Memory usage: 18.41 MB
[2026-01-09T09:34:39.400Z] [stdout] [Heartbeat] Memory usage: 18.42 MB
[2026-01-09T09:34:44.401Z] [stdout] [Heartbeat] Memory usage: 18.42 MB
[2026-01-09T09:34:49.404Z] [stdout] [Heartbeat] Memory usage: 18.43 MB
[2026-01-09T09:34:54.404Z] [stdout] [Heartbeat] Memory usage: 18.43 MB
[2026-01-09T09:34:59.405Z] [stdout] [Heartbeat] Memory usage: 18.44 MB
[2026-01-09T09:35:04.406Z] [stdout] [Heartbeat] Memory usage: 18.44 MB
[2026-01-09T09:35:09.408Z] [stdout] [Heartbeat] Memory usage: 18.44 MB
[2026-01-09T09:35:14.409Z] [stdout] [Heartbeat] Memory usage: 18.44 MB
